<?xml version="1.0" encoding="UTF-8"?>
<!-- Generated by org.testng.reporters.JUnitReportReporter -->
<testsuite hostname="CHNIDC0877" name="test.demo1" tests="1" failures="0" timestamp="12 Dec 2018 01:03:24 GMT" time="7.885" errors="0">
  <testcase name="stalelement" time="7.885" classname="test.demo1"/>
</testsuite> <!-- test.demo1 -->
