<?xml version="1.0" encoding="UTF-8"?>
<!-- Generated by org.testng.reporters.JUnitReportReporter -->
<testsuite hostname="Arun-PC" name="test.CRM_login" tests="2" failures="0" timestamp="29 Dec 2018 08:22:08 GMT" time="21.362" errors="0">
  <testcase name="launchapp" time="12.105" classname="test.CRM_login"/>
  <testcase name="userlogin" time="9.257" classname="test.CRM_login"/>
</testsuite> <!-- test.CRM_login -->
