<?xml version="1.0" encoding="UTF-8"?>
<!-- Generated by org.testng.reporters.JUnitReportReporter -->
<testsuite hostname="Arun-PC" name="test.Dynamicwebtable_practice" tests="3" failures="0" timestamp="29 Dec 2018 07:34:32 GMT" time="11.772" errors="0">
  <testcase name="Applaunch" time="11.511" classname="test.Dynamicwebtable_practice"/>
  <testcase name="findrowsandcolumn" time="0.082" classname="test.Dynamicwebtable_practice"/>
  <testcase name="particular_row_column" time="0.179" classname="test.Dynamicwebtable_practice"/>
</testsuite> <!-- test.Dynamicwebtable_practice -->
